[2022-09-04 13:22:38] local.ERROR: Trying to get property 'id' of non-object {"exception":"[object] (ErrorException(code: 0): Trying to get property 'id' of non-object at /Users/mostofa/Desktop/Upwork/jaysecurity/app/Http/Controllers/UserApiController.php:1733)
[stacktrace]
#0 /Users/mostofa/Desktop/Upwork/jaysecurity/app/Http/Controllers/UserApiController.php(1733): Illuminate\\Foundation\\Bootstrap\\HandleExceptions->handleError(8, 'Trying to get p...', '/Users/mostofa/...', 1733, Array)
#1 /Users/mostofa/Desktop/Upwork/jaysecurity/vendor/laravel/framework/src/Illuminate/Routing/Controller.php(54): App\\Http\\Controllers\\UserApiController->get_all_area_rounder()
#2 /Users/mostofa/Desktop/Upwork/jaysecurity/vendor/laravel/framework/src/Illuminate/Routing/ControllerDispatcher.php(45): Illuminate\\Routing\\Controller->callAction('get_all_area_ro...', Array)
#3 /Users/mostofa/Desktop/Upwork/jaysecurity/vendor/laravel/framework/src/Illuminate/Routing/Route.php(261): Illuminate\\Routing\\ControllerDispatcher->dispatch(Object(Illuminate\\Routing\\Route), Object(App\\Http\\Controllers\\UserApiController), 'get_all_area_ro...')
#4 /Users/mostofa/Desktop/Upwork/jaysecurity/vendor/laravel/framework/src/Illuminate/Routing/Route.php(204): Illuminate\\Routing\\Route->runController()
#5 /Users/mostofa/Desktop/Upwork/jaysecurity/vendor/laravel/framework/src/Illuminate/Routing/Router.php(695): Illuminate\\Routing\\Route->run()
#6 /Users/mostofa/Desktop/Upwork/jaysecurity/vendor/laravel/framework/src/Illuminate/Pipeline/Pipeline.php(128): Illuminate\\Routing\\Router->Illuminate\\Routing\\{closure}(Object(Illuminate\\Http\\Request))
#7 /Users/mostofa/Desktop/Upwork/jaysecurity/vendor/laravel/framework/src/Illuminate/Routing/Middleware/SubstituteBindings.php(50): Illuminate\\Pipeline\\Pipeline->Illuminate\\Pipeline\\{closure}(Object(Illuminate\\Http\\Request))
#8 /Users/mostofa/Desktop/Upwork/jaysecurity/vendor/laravel/framework/src/Illuminate/Pipeline/Pipeline.php(167): Illuminate\\Routing\\Middleware\\SubstituteBindings->handle(Object(Illuminate\\Http\\Request), Object(Closure))
#9 /Users/mostofa/Desktop/Upwork/jaysecurity/vendor/laravel/framework/src/Illuminate/Routing/Middleware/ThrottleRequests.php(127): Illuminate\\Pipeline\\Pipeline->Illuminate\\Pipeline\\{closure}(Object(Illuminate\\Http\\Request))
#10 /Users/mostofa/Desktop/Upwork/jaysecurity/vendor/laravel/framework/src/Illuminate/Routing/Middleware/ThrottleRequests.php(103): Illuminate\\Routing\\Middleware\\ThrottleRequests->handleRequest(Object(Illuminate\\Http\\Request), Object(Closure), Array)
#11 /Users/mostofa/Desktop/Upwork/jaysecurity/vendor/laravel/framework/src/Illuminate/Routing/Middleware/ThrottleRequests.php(55): Illuminate\\Routing\\Middleware\\ThrottleRequests->handleRequestUsingNamedLimiter(Object(Illuminate\\Http\\Request), Object(Closure), 'api', Object(Closure))
#12 /Users/mostofa/Desktop/Upwork/jaysecurity/vendor/laravel/framework/src/Illuminate/Pipeline/Pipeline.php(167): Illuminate\\Routing\\Middleware\\ThrottleRequests->handle(Object(Illuminate\\Http\\Request), Object(Closure), 'api')
#13 /Users/mostofa/Desktop/Upwork/jaysecurity/vendor/laravel/framework/src/Illuminate/Pipeline/Pipeline.php(103): Illuminate\\Pipeline\\Pipeline->Illuminate\\Pipeline\\{closure}(Object(Illuminate\\Http\\Request))
#14 /Users/mostofa/Desktop/Upwork/jaysecurity/vendor/laravel/framework/src/Illuminate/Routing/Router.php(697): Illuminate\\Pipeline\\Pipeline->then(Object(Closure))
#15 /Users/mostofa/Desktop/Upwork/jaysecurity/vendor/laravel/framework/src/Illuminate/Routing/Router.php(672): Illuminate\\Routing\\Router->runRouteWithinStack(Object(Illuminate\\Routing\\Route), Object(Illuminate\\Http\\Request))
#16 /Users/mostofa/Desktop/Upwork/jaysecurity/vendor/laravel/framework/src/Illuminate/Routing/Router.php(636): Illuminate\\Routing\\Router->runRoute(Object(Illuminate\\Http\\Request), Object(Illuminate\\Routing\\Route))
#17 /Users/mostofa/Desktop/Upwork/jaysecurity/vendor/laravel/framework/src/Illuminate/Routing/Router.php(625): Illuminate\\Routing\\Router->dispatchToRoute(Object(Illuminate\\Http\\Request))
#18 /Users/mostofa/Desktop/Upwork/jaysecurity/vendor/laravel/framework/src/Illuminate/Foundation/Http/Kernel.php(166): Illuminate\\Routing\\Router->dispatch(Object(Illuminate\\Http\\Request))
#19 /Users/mostofa/Desktop/Upwork/jaysecurity/vendor/laravel/framework/src/Illuminate/Pipeline/Pipeline.php(128): Illuminate\\Foundation\\Http\\Kernel->Illuminate\\Foundation\\Http\\{closure}(Object(Illuminate\\Http\\Request))
#20 /Users/mostofa/Desktop/Upwork/jaysecurity/vendor/laravel/framework/src/Illuminate/Foundation/Http/Middleware/TransformsRequest.php(21): Illuminate\\Pipeline\\Pipeline->Illuminate\\Pipeline\\{closure}(Object(Illuminate\\Http\\Request))
#21 /Users/mostofa/Desktop/Upwork/jaysecurity/vendor/laravel/framework/src/Illuminate/Foundation/Http/Middleware/ConvertEmptyStringsToNull.php(31): Illuminate\\Foundation\\Http\\Middleware\\TransformsRequest->handle(Object(Illuminate\\Http\\Request), Object(Closure))
#22 /Users/mostofa/Desktop/Upwork/jaysecurity/vendor/laravel/framework/src/Illuminate/Pipeline/Pipeline.php(167): Illuminate\\Foundation\\Http\\Middleware\\ConvertEmptyStringsToNull->handle(Object(Illuminate\\Http\\Request), Object(Closure))
#23 /Users/mostofa/Desktop/Upwork/jaysecurity/vendor/laravel/framework/src/Illuminate/Foundation/Http/Middleware/TransformsRequest.php(21): Illuminate\\Pipeline\\Pipeline->Illuminate\\Pipeline\\{closure}(Object(Illuminate\\Http\\Request))
#24 /Users/mostofa/Desktop/Upwork/jaysecurity/vendor/laravel/framework/src/Illuminate/Foundation/Http/Middleware/TrimStrings.php(40): Illuminate\\Foundation\\Http\\Middleware\\TransformsRequest->handle(Object(Illuminate\\Http\\Request), Object(Closure))
#25 /Users/mostofa/Desktop/Upwork/jaysecurity/vendor/laravel/framework/src/Illuminate/Pipeline/Pipeline.php(167): Illuminate\\Foundation\\Http\\Middleware\\TrimStrings->handle(Object(Illuminate\\Http\\Request), Object(Closure))
#26 /Users/mostofa/Desktop/Upwork/jaysecurity/vendor/laravel/framework/src/Illuminate/Foundation/Http/Middleware/ValidatePostSize.php(27): Illuminate\\Pipeline\\Pipeline->Illuminate\\Pipeline\\{closure}(Object(Illuminate\\Http\\Request))
#27 /Users/mostofa/Desktop/Upwork/jaysecurity/vendor/laravel/framework/src/Illuminate/Pipeline/Pipeline.php(167): Illuminate\\Foundation\\Http\\Middleware\\ValidatePostSize->handle(Object(Illuminate\\Http\\Request), Object(Closure))
#28 /Users/mostofa/Desktop/Upwork/jaysecurity/vendor/laravel/framework/src/Illuminate/Foundation/Http/Middleware/PreventRequestsDuringMaintenance.php(86): Illuminate\\Pipeline\\Pipeline->Illuminate\\Pipeline\\{closure}(Object(Illuminate\\Http\\Request))
#29 /Users/mostofa/Desktop/Upwork/jaysecurity/vendor/laravel/framework/src/Illuminate/Pipeline/Pipeline.php(167): Illuminate\\Foundation\\Http\\Middleware\\PreventRequestsDuringMaintenance->handle(Object(Illuminate\\Http\\Request), Object(Closure))
#30 /Users/mostofa/Desktop/Upwork/jaysecurity/vendor/fruitcake/laravel-cors/src/HandleCors.php(52): Illuminate\\Pipeline\\Pipeline->Illuminate\\Pipeline\\{closure}(Object(Illuminate\\Http\\Request))
#31 /Users/mostofa/Desktop/Upwork/jaysecurity/vendor/laravel/framework/src/Illuminate/Pipeline/Pipeline.php(167): Fruitcake\\Cors\\HandleCors->handle(Object(Illuminate\\Http\\Request), Object(Closure))
#32 /Users/mostofa/Desktop/Upwork/jaysecurity/vendor/laravel/framework/src/Illuminate/Http/Middleware/TrustProxies.php(39): Illuminate\\Pipeline\\Pipeline->Illuminate\\Pipeline\\{closure}(Object(Illuminate\\Http\\Request))
#33 /Users/mostofa/Desktop/Upwork/jaysecurity/vendor/laravel/framework/src/Illuminate/Pipeline/Pipeline.php(167): Illuminate\\Http\\Middleware\\TrustProxies->handle(Object(Illuminate\\Http\\Request), Object(Closure))
#34 /Users/mostofa/Desktop/Upwork/jaysecurity/vendor/laravel/framework/src/Illuminate/Pipeline/Pipeline.php(103): Illuminate\\Pipeline\\Pipeline->Illuminate\\Pipeline\\{closure}(Object(Illuminate\\Http\\Request))
#35 /Users/mostofa/Desktop/Upwork/jaysecurity/vendor/laravel/framework/src/Illuminate/Foundation/Http/Kernel.php(141): Illuminate\\Pipeline\\Pipeline->then(Object(Closure))
#36 /Users/mostofa/Desktop/Upwork/jaysecurity/vendor/laravel/framework/src/Illuminate/Foundation/Http/Kernel.php(110): Illuminate\\Foundation\\Http\\Kernel->sendRequestThroughRouter(Object(Illuminate\\Http\\Request))
#37 /Users/mostofa/Desktop/Upwork/jaysecurity/public/index.php(52): Illuminate\\Foundation\\Http\\Kernel->handle(Object(Illuminate\\Http\\Request))
#38 /Users/mostofa/Desktop/Upwork/jaysecurity/index.php(21): require_once('/Users/mostofa/...')
#39 {main}
"} 
[2022-09-05 00:14:01] local.ERROR: Trying to get property 'id' of non-object {"exception":"[object] (ErrorException(code: 0): Trying to get property 'id' of non-object at /Users/mostofa/Desktop/Upwork/jaysecurity/app/Http/Controllers/UserApiController.php:1733)
[stacktrace]
#0 /Users/mostofa/Desktop/Upwork/jaysecurity/app/Http/Controllers/UserApiController.php(1733): Illuminate\\Foundation\\Bootstrap\\HandleExceptions->handleError(8, 'Trying to get p...', '/Users/mostofa/...', 1733, Array)
#1 /Users/mostofa/Desktop/Upwork/jaysecurity/vendor/laravel/framework/src/Illuminate/Routing/Controller.php(54): App\\Http\\Controllers\\UserApiController->get_all_area_rounder()
#2 /Users/mostofa/Desktop/Upwork/jaysecurity/vendor/laravel/framework/src/Illuminate/Routing/ControllerDispatcher.php(45): Illuminate\\Routing\\Controller->callAction('get_all_area_ro...', Array)
#3 /Users/mostofa/Desktop/Upwork/jaysecurity/vendor/laravel/framework/src/Illuminate/Routing/Route.php(261): Illuminate\\Routing\\ControllerDispatcher->dispatch(Object(Illuminate\\Routing\\Route), Object(App\\Http\\Controllers\\UserApiController), 'get_all_area_ro...')
#4 /Users/mostofa/Desktop/Upwork/jaysecurity/vendor/laravel/framework/src/Illuminate/Routing/Route.php(204): Illuminate\\Routing\\Route->runController()
#5 /Users/mostofa/Desktop/Upwork/jaysecurity/vendor/laravel/framework/src/Illuminate/Routing/Router.php(695): Illuminate\\Routing\\Route->run()
#6 /Users/mostofa/Desktop/Upwork/jaysecurity/vendor/laravel/framework/src/Illuminate/Pipeline/Pipeline.php(128): Illuminate\\Routing\\Router->Illuminate\\Routing\\{closure}(Object(Illuminate\\Http\\Request))
#7 /Users/mostofa/Desktop/Upwork/jaysecurity/vendor/laravel/framework/src/Illuminate/Routing/Middleware/SubstituteBindings.php(50): Illuminate\\Pipeline\\Pipeline->Illuminate\\Pipeline\\{closure}(Object(Illuminate\\Http\\Request))
#8 /Users/mostofa/Desktop/Upwork/jaysecurity/vendor/laravel/framework/src/Illuminate/Pipeline/Pipeline.php(167): Illuminate\\Routing\\Middleware\\SubstituteBindings->handle(Object(Illuminate\\Http\\Request), Object(Closure))
#9 /Users/mostofa/Desktop/Upwork/jaysecurity/vendor/laravel/framework/src/Illuminate/Routing/Middleware/ThrottleRequests.php(127): Illuminate\\Pipeline\\Pipeline->Illuminate\\Pipeline\\{closure}(Object(Illuminate\\Http\\Request))
#10 /Users/mostofa/Desktop/Upwork/jaysecurity/vendor/laravel/framework/src/Illuminate/Routing/Middleware/ThrottleRequests.php(103): Illuminate\\Routing\\Middleware\\ThrottleRequests->handleRequest(Object(Illuminate\\Http\\Request), Object(Closure), Array)
#11 /Users/mostofa/Desktop/Upwork/jaysecurity/vendor/laravel/framework/src/Illuminate/Routing/Middleware/ThrottleRequests.php(55): Illuminate\\Routing\\Middleware\\ThrottleRequests->handleRequestUsingNamedLimiter(Object(Illuminate\\Http\\Request), Object(Closure), 'api', Object(Closure))
#12 /Users/mostofa/Desktop/Upwork/jaysecurity/vendor/laravel/framework/src/Illuminate/Pipeline/Pipeline.php(167): Illuminate\\Routing\\Middleware\\ThrottleRequests->handle(Object(Illuminate\\Http\\Request), Object(Closure), 'api')
#13 /Users/mostofa/Desktop/Upwork/jaysecurity/vendor/laravel/framework/src/Illuminate/Pipeline/Pipeline.php(103): Illuminate\\Pipeline\\Pipeline->Illuminate\\Pipeline\\{closure}(Object(Illuminate\\Http\\Request))
#14 /Users/mostofa/Desktop/Upwork/jaysecurity/vendor/laravel/framework/src/Illuminate/Routing/Router.php(697): Illuminate\\Pipeline\\Pipeline->then(Object(Closure))
#15 /Users/mostofa/Desktop/Upwork/jaysecurity/vendor/laravel/framework/src/Illuminate/Routing/Router.php(672): Illuminate\\Routing\\Router->runRouteWithinStack(Object(Illuminate\\Routing\\Route), Object(Illuminate\\Http\\Request))
#16 /Users/mostofa/Desktop/Upwork/jaysecurity/vendor/laravel/framework/src/Illuminate/Routing/Router.php(636): Illuminate\\Routing\\Router->runRoute(Object(Illuminate\\Http\\Request), Object(Illuminate\\Routing\\Route))
#17 /Users/mostofa/Desktop/Upwork/jaysecurity/vendor/laravel/framework/src/Illuminate/Routing/Router.php(625): Illuminate\\Routing\\Router->dispatchToRoute(Object(Illuminate\\Http\\Request))
#18 /Users/mostofa/Desktop/Upwork/jaysecurity/vendor/laravel/framework/src/Illuminate/Foundation/Http/Kernel.php(166): Illuminate\\Routing\\Router->dispatch(Object(Illuminate\\Http\\Request))
#19 /Users/mostofa/Desktop/Upwork/jaysecurity/vendor/laravel/framework/src/Illuminate/Pipeline/Pipeline.php(128): Illuminate\\Foundation\\Http\\Kernel->Illuminate\\Foundation\\Http\\{closure}(Object(Illuminate\\Http\\Request))
#20 /Users/mostofa/Desktop/Upwork/jaysecurity/vendor/laravel/framework/src/Illuminate/Foundation/Http/Middleware/TransformsRequest.php(21): Illuminate\\Pipeline\\Pipeline->Illuminate\\Pipeline\\{closure}(Object(Illuminate\\Http\\Request))
#21 /Users/mostofa/Desktop/Upwork/jaysecurity/vendor/laravel/framework/src/Illuminate/Foundation/Http/Middleware/ConvertEmptyStringsToNull.php(31): Illuminate\\Foundation\\Http\\Middleware\\TransformsRequest->handle(Object(Illuminate\\Http\\Request), Object(Closure))
#22 /Users/mostofa/Desktop/Upwork/jaysecurity/vendor/laravel/framework/src/Illuminate/Pipeline/Pipeline.php(167): Illuminate\\Foundation\\Http\\Middleware\\ConvertEmptyStringsToNull->handle(Object(Illuminate\\Http\\Request), Object(Closure))
#23 /Users/mostofa/Desktop/Upwork/jaysecurity/vendor/laravel/framework/src/Illuminate/Foundation/Http/Middleware/TransformsRequest.php(21): Illuminate\\Pipeline\\Pipeline->Illuminate\\Pipeline\\{closure}(Object(Illuminate\\Http\\Request))
#24 /Users/mostofa/Desktop/Upwork/jaysecurity/vendor/laravel/framework/src/Illuminate/Foundation/Http/Middleware/TrimStrings.php(40): Illuminate\\Foundation\\Http\\Middleware\\TransformsRequest->handle(Object(Illuminate\\Http\\Request), Object(Closure))
#25 /Users/mostofa/Desktop/Upwork/jaysecurity/vendor/laravel/framework/src/Illuminate/Pipeline/Pipeline.php(167): Illuminate\\Foundation\\Http\\Middleware\\TrimStrings->handle(Object(Illuminate\\Http\\Request), Object(Closure))
#26 /Users/mostofa/Desktop/Upwork/jaysecurity/vendor/laravel/framework/src/Illuminate/Foundation/Http/Middleware/ValidatePostSize.php(27): Illuminate\\Pipeline\\Pipeline->Illuminate\\Pipeline\\{closure}(Object(Illuminate\\Http\\Request))
#27 /Users/mostofa/Desktop/Upwork/jaysecurity/vendor/laravel/framework/src/Illuminate/Pipeline/Pipeline.php(167): Illuminate\\Foundation\\Http\\Middleware\\ValidatePostSize->handle(Object(Illuminate\\Http\\Request), Object(Closure))
#28 /Users/mostofa/Desktop/Upwork/jaysecurity/vendor/laravel/framework/src/Illuminate/Foundation/Http/Middleware/PreventRequestsDuringMaintenance.php(86): Illuminate\\Pipeline\\Pipeline->Illuminate\\Pipeline\\{closure}(Object(Illuminate\\Http\\Request))
#29 /Users/mostofa/Desktop/Upwork/jaysecurity/vendor/laravel/framework/src/Illuminate/Pipeline/Pipeline.php(167): Illuminate\\Foundation\\Http\\Middleware\\PreventRequestsDuringMaintenance->handle(Object(Illuminate\\Http\\Request), Object(Closure))
#30 /Users/mostofa/Desktop/Upwork/jaysecurity/vendor/fruitcake/laravel-cors/src/HandleCors.php(52): Illuminate\\Pipeline\\Pipeline->Illuminate\\Pipeline\\{closure}(Object(Illuminate\\Http\\Request))
#31 /Users/mostofa/Desktop/Upwork/jaysecurity/vendor/laravel/framework/src/Illuminate/Pipeline/Pipeline.php(167): Fruitcake\\Cors\\HandleCors->handle(Object(Illuminate\\Http\\Request), Object(Closure))
#32 /Users/mostofa/Desktop/Upwork/jaysecurity/vendor/laravel/framework/src/Illuminate/Http/Middleware/TrustProxies.php(39): Illuminate\\Pipeline\\Pipeline->Illuminate\\Pipeline\\{closure}(Object(Illuminate\\Http\\Request))
#33 /Users/mostofa/Desktop/Upwork/jaysecurity/vendor/laravel/framework/src/Illuminate/Pipeline/Pipeline.php(167): Illuminate\\Http\\Middleware\\TrustProxies->handle(Object(Illuminate\\Http\\Request), Object(Closure))
#34 /Users/mostofa/Desktop/Upwork/jaysecurity/vendor/laravel/framework/src/Illuminate/Pipeline/Pipeline.php(103): Illuminate\\Pipeline\\Pipeline->Illuminate\\Pipeline\\{closure}(Object(Illuminate\\Http\\Request))
#35 /Users/mostofa/Desktop/Upwork/jaysecurity/vendor/laravel/framework/src/Illuminate/Foundation/Http/Kernel.php(141): Illuminate\\Pipeline\\Pipeline->then(Object(Closure))
#36 /Users/mostofa/Desktop/Upwork/jaysecurity/vendor/laravel/framework/src/Illuminate/Foundation/Http/Kernel.php(110): Illuminate\\Foundation\\Http\\Kernel->sendRequestThroughRouter(Object(Illuminate\\Http\\Request))
#37 /Users/mostofa/Desktop/Upwork/jaysecurity/public/index.php(52): Illuminate\\Foundation\\Http\\Kernel->handle(Object(Illuminate\\Http\\Request))
#38 /Users/mostofa/Desktop/Upwork/jaysecurity/index.php(21): require_once('/Users/mostofa/...')
#39 {main}
"} 
[2022-09-05 02:34:39] local.ERROR: During inheritance of IteratorAggregate: Uncaught ErrorException: Return type of Symfony\Component\HttpFoundation\ParameterBag::getIterator() should either be compatible with IteratorAggregate::getIterator(): Traversable, or the #[\ReturnTypeWillChange] attribute should be used to temporarily suppress the notice in /Users/mostofa/Desktop/Upwork/jaysecurity/vendor/symfony/http-foundation/ParameterBag.php:210
Stack trace:
#0 /Users/mostofa/Desktop/Upwork/jaysecurity/vendor/symfony/http-foundation/ParameterBag.php(21): Illuminate\Foundation\Bootstrap\HandleExceptions->handleError(8192, 'Return type of ...', '/Users/mostofa/...', 210)
#1 /Users/mostofa/Desktop/Upwork/jaysecurity/vendor/composer/ClassLoader.php(571): include('/Users/mostofa/...')
#2 /Users/mostofa/Desktop/Upwork/jaysecurity/vendor/composer/ClassLoader.php(428): Composer\Autoload\includeFile('/Users/mostofa/...')
#3 /Users/mostofa/Desktop/Upwork/jaysecurity/vendor/symfony/http-foundation/FileBag.php(22): Composer\Autoload\ClassLoader->loadClass('Symfony\\Compone...')
#4 /Users/mostofa/Desktop/Upwork/jaysecurity/vendor/composer/ClassLoader.php(571): include('/Users/mostofa/...')
#5 /Users/mostofa/Desktop/Upwork/jaysecurity/vendor/composer/ClassLoader.php(428): Composer\Autoload\includeFile('/Users/mostofa/...')
#6 [internal function]: Composer\Autoload\ClassLoader->loadClass('Symfony\\Compone...')
#7 /Users/mostofa/Desktop/Upwork/jaysecurity/vendor/symfony/http-foundation/Request.php(22): class_exists('Symfony\\Compone...')
#8 /Users/mostofa/Desktop/Upwork/jaysecurity/vendor/composer/ClassLoader.php(571): include('/Users/mostofa/...')
#9 /Users/mostofa/Desktop/Upwork/jaysecurity/vendor/composer/ClassLoader.php(428): Composer\Autoload\includeFile('/Users/mostofa/...')
#10 /Users/mostofa/Desktop/Upwork/jaysecurity/vendor/laravel/framework/src/Illuminate/Http/Request.php(20): Composer\Autoload\ClassLoader->loadClass('Symfony\\Compone...')
#11 /Users/mostofa/Desktop/Upwork/jaysecurity/vendor/composer/ClassLoader.php(571): include('/Users/mostofa/...')
#12 /Users/mostofa/Desktop/Upwork/jaysecurity/vendor/composer/ClassLoader.php(428): Composer\Autoload\includeFile('/Users/mostofa/...')
#13 /Users/mostofa/Desktop/Upwork/jaysecurity/vendor/laravel/framework/src/Illuminate/Foundation/Bootstrap/SetRequestForConsole.php(31): Composer\Autoload\ClassLoader->loadClass('Illuminate\\Http...')
#14 /Users/mostofa/Desktop/Upwork/jaysecurity/vendor/laravel/framework/src/Illuminate/Foundation/Application.php(237): Illuminate\Foundation\Bootstrap\SetRequestForConsole->bootstrap(Object(Illuminate\Foundation\Application))
#15 /Users/mostofa/Desktop/Upwork/jaysecurity/vendor/laravel/framework/src/Illuminate/Foundation/Console/Kernel.php(310): Illuminate\Foundation\Application->bootstrapWith(Array)
#16 /Users/mostofa/Desktop/Upwork/jaysecurity/vendor/laravel/framework/src/Illuminate/Foundation/Console/Kernel.php(127): Illuminate\Foundation\Console\Kernel->bootstrap()
#17 Command line code(1): Illuminate\Foundation\Console\Kernel->handle(Object(Symfony\Component\Console\Input\ArgvInput), Object(Symfony\Component\Console\Output\ConsoleOutput))
#18 {main} {"exception":"[object] (Symfony\\Component\\ErrorHandler\\Error\\FatalError(code: 0): During inheritance of IteratorAggregate: Uncaught ErrorException: Return type of Symfony\\Component\\HttpFoundation\\ParameterBag::getIterator() should either be compatible with IteratorAggregate::getIterator(): Traversable, or the #[\\ReturnTypeWillChange] attribute should be used to temporarily suppress the notice in /Users/mostofa/Desktop/Upwork/jaysecurity/vendor/symfony/http-foundation/ParameterBag.php:210
Stack trace:
#0 /Users/mostofa/Desktop/Upwork/jaysecurity/vendor/symfony/http-foundation/ParameterBag.php(21): Illuminate\\Foundation\\Bootstrap\\HandleExceptions->handleError(8192, 'Return type of ...', '/Users/mostofa/...', 210)
#1 /Users/mostofa/Desktop/Upwork/jaysecurity/vendor/composer/ClassLoader.php(571): include('/Users/mostofa/...')
#2 /Users/mostofa/Desktop/Upwork/jaysecurity/vendor/composer/ClassLoader.php(428): Composer\\Autoload\\includeFile('/Users/mostofa/...')
#3 /Users/mostofa/Desktop/Upwork/jaysecurity/vendor/symfony/http-foundation/FileBag.php(22): Composer\\Autoload\\ClassLoader->loadClass('Symfony\\\\Compone...')
#4 /Users/mostofa/Desktop/Upwork/jaysecurity/vendor/composer/ClassLoader.php(571): include('/Users/mostofa/...')
#5 /Users/mostofa/Desktop/Upwork/jaysecurity/vendor/composer/ClassLoader.php(428): Composer\\Autoload\\includeFile('/Users/mostofa/...')
#6 [internal function]: Composer\\Autoload\\ClassLoader->loadClass('Symfony\\\\Compone...')
#7 /Users/mostofa/Desktop/Upwork/jaysecurity/vendor/symfony/http-foundation/Request.php(22): class_exists('Symfony\\\\Compone...')
#8 /Users/mostofa/Desktop/Upwork/jaysecurity/vendor/composer/ClassLoader.php(571): include('/Users/mostofa/...')
#9 /Users/mostofa/Desktop/Upwork/jaysecurity/vendor/composer/ClassLoader.php(428): Composer\\Autoload\\includeFile('/Users/mostofa/...')
#10 /Users/mostofa/Desktop/Upwork/jaysecurity/vendor/laravel/framework/src/Illuminate/Http/Request.php(20): Composer\\Autoload\\ClassLoader->loadClass('Symfony\\\\Compone...')
#11 /Users/mostofa/Desktop/Upwork/jaysecurity/vendor/composer/ClassLoader.php(571): include('/Users/mostofa/...')
#12 /Users/mostofa/Desktop/Upwork/jaysecurity/vendor/composer/ClassLoader.php(428): Composer\\Autoload\\includeFile('/Users/mostofa/...')
#13 /Users/mostofa/Desktop/Upwork/jaysecurity/vendor/laravel/framework/src/Illuminate/Foundation/Bootstrap/SetRequestForConsole.php(31): Composer\\Autoload\\ClassLoader->loadClass('Illuminate\\\\Http...')
#14 /Users/mostofa/Desktop/Upwork/jaysecurity/vendor/laravel/framework/src/Illuminate/Foundation/Application.php(237): Illuminate\\Foundation\\Bootstrap\\SetRequestForConsole->bootstrap(Object(Illuminate\\Foundation\\Application))
#15 /Users/mostofa/Desktop/Upwork/jaysecurity/vendor/laravel/framework/src/Illuminate/Foundation/Console/Kernel.php(310): Illuminate\\Foundation\\Application->bootstrapWith(Array)
#16 /Users/mostofa/Desktop/Upwork/jaysecurity/vendor/laravel/framework/src/Illuminate/Foundation/Console/Kernel.php(127): Illuminate\\Foundation\\Console\\Kernel->bootstrap()
#17 Command line code(1): Illuminate\\Foundation\\Console\\Kernel->handle(Object(Symfony\\Component\\Console\\Input\\ArgvInput), Object(Symfony\\Component\\Console\\Output\\ConsoleOutput))
#18 {main} at /Users/mostofa/Desktop/Upwork/jaysecurity/vendor/symfony/http-foundation/ParameterBag.php:21)
[stacktrace]
#0 {main}
"} 
[2022-09-05 02:34:39] local.ERROR: During inheritance of IteratorAggregate: Uncaught ErrorException: Return type of Symfony\Component\HttpFoundation\ParameterBag::getIterator() should either be compatible with IteratorAggregate::getIterator(): Traversable, or the #[\ReturnTypeWillChange] attribute should be used to temporarily suppress the notice in /Users/mostofa/Desktop/Upwork/jaysecurity/vendor/symfony/http-foundation/ParameterBag.php:210
Stack trace:
#0 /Users/mostofa/Desktop/Upwork/jaysecurity/vendor/symfony/http-foundation/ParameterBag.php(21): Illuminate\Foundation\Bootstrap\HandleExceptions->handleError(8192, 'Return type of ...', '/Users/mostofa/...', 210)
#1 /Users/mostofa/Desktop/Upwork/jaysecurity/vendor/composer/ClassLoader.php(571): include('/Users/mostofa/...')
#2 /Users/mostofa/Desktop/Upwork/jaysecurity/vendor/composer/ClassLoader.php(428): Composer\Autoload\includeFile('/Users/mostofa/...')
#3 /Users/mostofa/Desktop/Upwork/jaysecurity/vendor/symfony/http-foundation/FileBag.php(22): Composer\Autoload\ClassLoader->loadClass('Symfony\\Compone...')
#4 /Users/mostofa/Desktop/Upwork/jaysecurity/vendor/composer/ClassLoader.php(571): include('/Users/mostofa/...')
#5 /Users/mostofa/Desktop/Upwork/jaysecurity/vendor/composer/ClassLoader.php(428): Composer\Autoload\includeFile('/Users/mostofa/...')
#6 [internal function]: Composer\Autoload\ClassLoader->loadClass('Symfony\\Compone...')
#7 /Users/mostofa/Desktop/Upwork/jaysecurity/vendor/symfony/http-foundation/Request.php(22): class_exists('Symfony\\Compone...')
#8 /Users/mostofa/Desktop/Upwork/jaysecurity/vendor/composer/ClassLoader.php(571): include('/Users/mostofa/...')
#9 /Users/mostofa/Desktop/Upwork/jaysecurity/vendor/composer/ClassLoader.php(428): Composer\Autoload\includeFile('/Users/mostofa/...')
#10 /Users/mostofa/Desktop/Upwork/jaysecurity/vendor/laravel/framework/src/Illuminate/Http/Request.php(20): Composer\Autoload\ClassLoader->loadClass('Symfony\\Compone...')
#11 /Users/mostofa/Desktop/Upwork/jaysecurity/vendor/composer/ClassLoader.php(571): include('/Users/mostofa/...')
#12 /Users/mostofa/Desktop/Upwork/jaysecurity/vendor/composer/ClassLoader.php(428): Composer\Autoload\includeFile('/Users/mostofa/...')
#13 /Users/mostofa/Desktop/Upwork/jaysecurity/vendor/laravel/framework/src/Illuminate/Foundation/Bootstrap/SetRequestForConsole.php(31): Composer\Autoload\ClassLoader->loadClass('Illuminate\\Http...')
#14 /Users/mostofa/Desktop/Upwork/jaysecurity/vendor/laravel/framework/src/Illuminate/Foundation/Application.php(237): Illuminate\Foundation\Bootstrap\SetRequestForConsole->bootstrap(Object(Illuminate\Foundation\Application))
#15 /Users/mostofa/Desktop/Upwork/jaysecurity/vendor/laravel/framework/src/Illuminate/Foundation/Console/Kernel.php(310): Illuminate\Foundation\Application->bootstrapWith(Array)
#16 /Users/mostofa/Desktop/Upwork/jaysecurity/vendor/laravel/framework/src/Illuminate/Foundation/Console/Kernel.php(127): Illuminate\Foundation\Console\Kernel->bootstrap()
#17 /Users/mostofa/Desktop/Upwork/jaysecurity/artisan(37): Illuminate\Foundation\Console\Kernel->handle(Object(Symfony\Component\Console\Input\ArgvInput), Object(Symfony\Component\Console\Output\ConsoleOutput))
#18 {main} {"exception":"[object] (Symfony\\Component\\ErrorHandler\\Error\\FatalError(code: 0): During inheritance of IteratorAggregate: Uncaught ErrorException: Return type of Symfony\\Component\\HttpFoundation\\ParameterBag::getIterator() should either be compatible with IteratorAggregate::getIterator(): Traversable, or the #[\\ReturnTypeWillChange] attribute should be used to temporarily suppress the notice in /Users/mostofa/Desktop/Upwork/jaysecurity/vendor/symfony/http-foundation/ParameterBag.php:210
Stack trace:
#0 /Users/mostofa/Desktop/Upwork/jaysecurity/vendor/symfony/http-foundation/ParameterBag.php(21): Illuminate\\Foundation\\Bootstrap\\HandleExceptions->handleError(8192, 'Return type of ...', '/Users/mostofa/...', 210)
#1 /Users/mostofa/Desktop/Upwork/jaysecurity/vendor/composer/ClassLoader.php(571): include('/Users/mostofa/...')
#2 /Users/mostofa/Desktop/Upwork/jaysecurity/vendor/composer/ClassLoader.php(428): Composer\\Autoload\\includeFile('/Users/mostofa/...')
#3 /Users/mostofa/Desktop/Upwork/jaysecurity/vendor/symfony/http-foundation/FileBag.php(22): Composer\\Autoload\\ClassLoader->loadClass('Symfony\\\\Compone...')
#4 /Users/mostofa/Desktop/Upwork/jaysecurity/vendor/composer/ClassLoader.php(571): include('/Users/mostofa/...')
#5 /Users/mostofa/Desktop/Upwork/jaysecurity/vendor/composer/ClassLoader.php(428): Composer\\Autoload\\includeFile('/Users/mostofa/...')
#6 [internal function]: Composer\\Autoload\\ClassLoader->loadClass('Symfony\\\\Compone...')
#7 /Users/mostofa/Desktop/Upwork/jaysecurity/vendor/symfony/http-foundation/Request.php(22): class_exists('Symfony\\\\Compone...')
#8 /Users/mostofa/Desktop/Upwork/jaysecurity/vendor/composer/ClassLoader.php(571): include('/Users/mostofa/...')
#9 /Users/mostofa/Desktop/Upwork/jaysecurity/vendor/composer/ClassLoader.php(428): Composer\\Autoload\\includeFile('/Users/mostofa/...')
#10 /Users/mostofa/Desktop/Upwork/jaysecurity/vendor/laravel/framework/src/Illuminate/Http/Request.php(20): Composer\\Autoload\\ClassLoader->loadClass('Symfony\\\\Compone...')
#11 /Users/mostofa/Desktop/Upwork/jaysecurity/vendor/composer/ClassLoader.php(571): include('/Users/mostofa/...')
#12 /Users/mostofa/Desktop/Upwork/jaysecurity/vendor/composer/ClassLoader.php(428): Composer\\Autoload\\includeFile('/Users/mostofa/...')
#13 /Users/mostofa/Desktop/Upwork/jaysecurity/vendor/laravel/framework/src/Illuminate/Foundation/Bootstrap/SetRequestForConsole.php(31): Composer\\Autoload\\ClassLoader->loadClass('Illuminate\\\\Http...')
#14 /Users/mostofa/Desktop/Upwork/jaysecurity/vendor/laravel/framework/src/Illuminate/Foundation/Application.php(237): Illuminate\\Foundation\\Bootstrap\\SetRequestForConsole->bootstrap(Object(Illuminate\\Foundation\\Application))
#15 /Users/mostofa/Desktop/Upwork/jaysecurity/vendor/laravel/framework/src/Illuminate/Foundation/Console/Kernel.php(310): Illuminate\\Foundation\\Application->bootstrapWith(Array)
#16 /Users/mostofa/Desktop/Upwork/jaysecurity/vendor/laravel/framework/src/Illuminate/Foundation/Console/Kernel.php(127): Illuminate\\Foundation\\Console\\Kernel->bootstrap()
#17 /Users/mostofa/Desktop/Upwork/jaysecurity/artisan(37): Illuminate\\Foundation\\Console\\Kernel->handle(Object(Symfony\\Component\\Console\\Input\\ArgvInput), Object(Symfony\\Component\\Console\\Output\\ConsoleOutput))
#18 {main} at /Users/mostofa/Desktop/Upwork/jaysecurity/vendor/symfony/http-foundation/ParameterBag.php:21)
[stacktrace]
#0 {main}
"} 
[2022-09-05 02:34:42] local.ERROR: During inheritance of IteratorAggregate: Uncaught ErrorException: Return type of Symfony\Component\HttpFoundation\ParameterBag::getIterator() should either be compatible with IteratorAggregate::getIterator(): Traversable, or the #[\ReturnTypeWillChange] attribute should be used to temporarily suppress the notice in /Users/mostofa/Desktop/Upwork/jaysecurity/vendor/symfony/http-foundation/ParameterBag.php:210
Stack trace:
#0 /Users/mostofa/Desktop/Upwork/jaysecurity/vendor/symfony/http-foundation/ParameterBag.php(21): Illuminate\Foundation\Bootstrap\HandleExceptions->handleError(8192, 'Return type of ...', '/Users/mostofa/...', 210)
#1 /Users/mostofa/Desktop/Upwork/jaysecurity/vendor/composer/ClassLoader.php(571): include('/Users/mostofa/...')
#2 /Users/mostofa/Desktop/Upwork/jaysecurity/vendor/composer/ClassLoader.php(428): Composer\Autoload\includeFile('/Users/mostofa/...')
#3 /Users/mostofa/Desktop/Upwork/jaysecurity/vendor/symfony/http-foundation/FileBag.php(22): Composer\Autoload\ClassLoader->loadClass('Symfony\\Compone...')
#4 /Users/mostofa/Desktop/Upwork/jaysecurity/vendor/composer/ClassLoader.php(571): include('/Users/mostofa/...')
#5 /Users/mostofa/Desktop/Upwork/jaysecurity/vendor/composer/ClassLoader.php(428): Composer\Autoload\includeFile('/Users/mostofa/...')
#6 [internal function]: Composer\Autoload\ClassLoader->loadClass('Symfony\\Compone...')
#7 /Users/mostofa/Desktop/Upwork/jaysecurity/vendor/symfony/http-foundation/Request.php(22): class_exists('Symfony\\Compone...')
#8 /Users/mostofa/Desktop/Upwork/jaysecurity/vendor/composer/ClassLoader.php(571): include('/Users/mostofa/...')
#9 /Users/mostofa/Desktop/Upwork/jaysecurity/vendor/composer/ClassLoader.php(428): Composer\Autoload\includeFile('/Users/mostofa/...')
#10 /Users/mostofa/Desktop/Upwork/jaysecurity/vendor/laravel/framework/src/Illuminate/Http/Request.php(20): Composer\Autoload\ClassLoader->loadClass('Symfony\\Compone...')
#11 /Users/mostofa/Desktop/Upwork/jaysecurity/vendor/composer/ClassLoader.php(571): include('/Users/mostofa/...')
#12 /Users/mostofa/Desktop/Upwork/jaysecurity/vendor/composer/ClassLoader.php(428): Composer\Autoload\includeFile('/Users/mostofa/...')
#13 /Users/mostofa/Desktop/Upwork/jaysecurity/vendor/laravel/framework/src/Illuminate/Foundation/Bootstrap/SetRequestForConsole.php(31): Composer\Autoload\ClassLoader->loadClass('Illuminate\\Http...')
#14 /Users/mostofa/Desktop/Upwork/jaysecurity/vendor/laravel/framework/src/Illuminate/Foundation/Application.php(237): Illuminate\Foundation\Bootstrap\SetRequestForConsole->bootstrap(Object(Illuminate\Foundation\Application))
#15 /Users/mostofa/Desktop/Upwork/jaysecurity/vendor/laravel/framework/src/Illuminate/Foundation/Console/Kernel.php(310): Illuminate\Foundation\Application->bootstrapWith(Array)
#16 /Users/mostofa/Desktop/Upwork/jaysecurity/vendor/laravel/framework/src/Illuminate/Foundation/Console/Kernel.php(127): Illuminate\Foundation\Console\Kernel->bootstrap()
#17 /Users/mostofa/Desktop/Upwork/jaysecurity/artisan(37): Illuminate\Foundation\Console\Kernel->handle(Object(Symfony\Component\Console\Input\ArgvInput), Object(Symfony\Component\Console\Output\ConsoleOutput))
#18 {main} {"exception":"[object] (Symfony\\Component\\ErrorHandler\\Error\\FatalError(code: 0): During inheritance of IteratorAggregate: Uncaught ErrorException: Return type of Symfony\\Component\\HttpFoundation\\ParameterBag::getIterator() should either be compatible with IteratorAggregate::getIterator(): Traversable, or the #[\\ReturnTypeWillChange] attribute should be used to temporarily suppress the notice in /Users/mostofa/Desktop/Upwork/jaysecurity/vendor/symfony/http-foundation/ParameterBag.php:210
Stack trace:
#0 /Users/mostofa/Desktop/Upwork/jaysecurity/vendor/symfony/http-foundation/ParameterBag.php(21): Illuminate\\Foundation\\Bootstrap\\HandleExceptions->handleError(8192, 'Return type of ...', '/Users/mostofa/...', 210)
#1 /Users/mostofa/Desktop/Upwork/jaysecurity/vendor/composer/ClassLoader.php(571): include('/Users/mostofa/...')
#2 /Users/mostofa/Desktop/Upwork/jaysecurity/vendor/composer/ClassLoader.php(428): Composer\\Autoload\\includeFile('/Users/mostofa/...')
#3 /Users/mostofa/Desktop/Upwork/jaysecurity/vendor/symfony/http-foundation/FileBag.php(22): Composer\\Autoload\\ClassLoader->loadClass('Symfony\\\\Compone...')
#4 /Users/mostofa/Desktop/Upwork/jaysecurity/vendor/composer/ClassLoader.php(571): include('/Users/mostofa/...')
#5 /Users/mostofa/Desktop/Upwork/jaysecurity/vendor/composer/ClassLoader.php(428): Composer\\Autoload\\includeFile('/Users/mostofa/...')
#6 [internal function]: Composer\\Autoload\\ClassLoader->loadClass('Symfony\\\\Compone...')
#7 /Users/mostofa/Desktop/Upwork/jaysecurity/vendor/symfony/http-foundation/Request.php(22): class_exists('Symfony\\\\Compone...')
#8 /Users/mostofa/Desktop/Upwork/jaysecurity/vendor/composer/ClassLoader.php(571): include('/Users/mostofa/...')
#9 /Users/mostofa/Desktop/Upwork/jaysecurity/vendor/composer/ClassLoader.php(428): Composer\\Autoload\\includeFile('/Users/mostofa/...')
#10 /Users/mostofa/Desktop/Upwork/jaysecurity/vendor/laravel/framework/src/Illuminate/Http/Request.php(20): Composer\\Autoload\\ClassLoader->loadClass('Symfony\\\\Compone...')
#11 /Users/mostofa/Desktop/Upwork/jaysecurity/vendor/composer/ClassLoader.php(571): include('/Users/mostofa/...')
#12 /Users/mostofa/Desktop/Upwork/jaysecurity/vendor/composer/ClassLoader.php(428): Composer\\Autoload\\includeFile('/Users/mostofa/...')
#13 /Users/mostofa/Desktop/Upwork/jaysecurity/vendor/laravel/framework/src/Illuminate/Foundation/Bootstrap/SetRequestForConsole.php(31): Composer\\Autoload\\ClassLoader->loadClass('Illuminate\\\\Http...')
#14 /Users/mostofa/Desktop/Upwork/jaysecurity/vendor/laravel/framework/src/Illuminate/Foundation/Application.php(237): Illuminate\\Foundation\\Bootstrap\\SetRequestForConsole->bootstrap(Object(Illuminate\\Foundation\\Application))
#15 /Users/mostofa/Desktop/Upwork/jaysecurity/vendor/laravel/framework/src/Illuminate/Foundation/Console/Kernel.php(310): Illuminate\\Foundation\\Application->bootstrapWith(Array)
#16 /Users/mostofa/Desktop/Upwork/jaysecurity/vendor/laravel/framework/src/Illuminate/Foundation/Console/Kernel.php(127): Illuminate\\Foundation\\Console\\Kernel->bootstrap()
#17 /Users/mostofa/Desktop/Upwork/jaysecurity/artisan(37): Illuminate\\Foundation\\Console\\Kernel->handle(Object(Symfony\\Component\\Console\\Input\\ArgvInput), Object(Symfony\\Component\\Console\\Output\\ConsoleOutput))
#18 {main} at /Users/mostofa/Desktop/Upwork/jaysecurity/vendor/symfony/http-foundation/ParameterBag.php:21)
[stacktrace]
#0 {main}
"} 
[2022-09-05 02:34:44] local.ERROR: During inheritance of IteratorAggregate: Uncaught ErrorException: Return type of Symfony\Component\HttpFoundation\ParameterBag::getIterator() should either be compatible with IteratorAggregate::getIterator(): Traversable, or the #[\ReturnTypeWillChange] attribute should be used to temporarily suppress the notice in /Users/mostofa/Desktop/Upwork/jaysecurity/vendor/symfony/http-foundation/ParameterBag.php:210
Stack trace:
#0 /Users/mostofa/Desktop/Upwork/jaysecurity/vendor/symfony/http-foundation/ParameterBag.php(21): Illuminate\Foundation\Bootstrap\HandleExceptions->handleError(8192, 'Return type of ...', '/Users/mostofa/...', 210)
#1 /Users/mostofa/Desktop/Upwork/jaysecurity/vendor/composer/ClassLoader.php(571): include('/Users/mostofa/...')
#2 /Users/mostofa/Desktop/Upwork/jaysecurity/vendor/composer/ClassLoader.php(428): Composer\Autoload\includeFile('/Users/mostofa/...')
#3 /Users/mostofa/Desktop/Upwork/jaysecurity/vendor/symfony/http-foundation/FileBag.php(22): Composer\Autoload\ClassLoader->loadClass('Symfony\\Compone...')
#4 /Users/mostofa/Desktop/Upwork/jaysecurity/vendor/composer/ClassLoader.php(571): include('/Users/mostofa/...')
#5 /Users/mostofa/Desktop/Upwork/jaysecurity/vendor/composer/ClassLoader.php(428): Composer\Autoload\includeFile('/Users/mostofa/...')
#6 [internal function]: Composer\Autoload\ClassLoader->loadClass('Symfony\\Compone...')
#7 /Users/mostofa/Desktop/Upwork/jaysecurity/vendor/symfony/http-foundation/Request.php(22): class_exists('Symfony\\Compone...')
#8 /Users/mostofa/Desktop/Upwork/jaysecurity/vendor/composer/ClassLoader.php(571): include('/Users/mostofa/...')
#9 /Users/mostofa/Desktop/Upwork/jaysecurity/vendor/composer/ClassLoader.php(428): Composer\Autoload\includeFile('/Users/mostofa/...')
#10 /Users/mostofa/Desktop/Upwork/jaysecurity/vendor/laravel/framework/src/Illuminate/Http/Request.php(20): Composer\Autoload\ClassLoader->loadClass('Symfony\\Compone...')
#11 /Users/mostofa/Desktop/Upwork/jaysecurity/vendor/composer/ClassLoader.php(571): include('/Users/mostofa/...')
#12 /Users/mostofa/Desktop/Upwork/jaysecurity/vendor/composer/ClassLoader.php(428): Composer\Autoload\includeFile('/Users/mostofa/...')
#13 /Users/mostofa/Desktop/Upwork/jaysecurity/vendor/laravel/framework/src/Illuminate/Foundation/Bootstrap/SetRequestForConsole.php(31): Composer\Autoload\ClassLoader->loadClass('Illuminate\\Http...')
#14 /Users/mostofa/Desktop/Upwork/jaysecurity/vendor/laravel/framework/src/Illuminate/Foundation/Application.php(237): Illuminate\Foundation\Bootstrap\SetRequestForConsole->bootstrap(Object(Illuminate\Foundation\Application))
#15 /Users/mostofa/Desktop/Upwork/jaysecurity/vendor/laravel/framework/src/Illuminate/Foundation/Console/Kernel.php(310): Illuminate\Foundation\Application->bootstrapWith(Array)
#16 /Users/mostofa/Desktop/Upwork/jaysecurity/vendor/laravel/framework/src/Illuminate/Foundation/Console/Kernel.php(127): Illuminate\Foundation\Console\Kernel->bootstrap()
#17 /Users/mostofa/Desktop/Upwork/jaysecurity/artisan(37): Illuminate\Foundation\Console\Kernel->handle(Object(Symfony\Component\Console\Input\ArgvInput), Object(Symfony\Component\Console\Output\ConsoleOutput))
#18 {main} {"exception":"[object] (Symfony\\Component\\ErrorHandler\\Error\\FatalError(code: 0): During inheritance of IteratorAggregate: Uncaught ErrorException: Return type of Symfony\\Component\\HttpFoundation\\ParameterBag::getIterator() should either be compatible with IteratorAggregate::getIterator(): Traversable, or the #[\\ReturnTypeWillChange] attribute should be used to temporarily suppress the notice in /Users/mostofa/Desktop/Upwork/jaysecurity/vendor/symfony/http-foundation/ParameterBag.php:210
Stack trace:
#0 /Users/mostofa/Desktop/Upwork/jaysecurity/vendor/symfony/http-foundation/ParameterBag.php(21): Illuminate\\Foundation\\Bootstrap\\HandleExceptions->handleError(8192, 'Return type of ...', '/Users/mostofa/...', 210)
#1 /Users/mostofa/Desktop/Upwork/jaysecurity/vendor/composer/ClassLoader.php(571): include('/Users/mostofa/...')
#2 /Users/mostofa/Desktop/Upwork/jaysecurity/vendor/composer/ClassLoader.php(428): Composer\\Autoload\\includeFile('/Users/mostofa/...')
#3 /Users/mostofa/Desktop/Upwork/jaysecurity/vendor/symfony/http-foundation/FileBag.php(22): Composer\\Autoload\\ClassLoader->loadClass('Symfony\\\\Compone...')
#4 /Users/mostofa/Desktop/Upwork/jaysecurity/vendor/composer/ClassLoader.php(571): include('/Users/mostofa/...')
#5 /Users/mostofa/Desktop/Upwork/jaysecurity/vendor/composer/ClassLoader.php(428): Composer\\Autoload\\includeFile('/Users/mostofa/...')
#6 [internal function]: Composer\\Autoload\\ClassLoader->loadClass('Symfony\\\\Compone...')
#7 /Users/mostofa/Desktop/Upwork/jaysecurity/vendor/symfony/http-foundation/Request.php(22): class_exists('Symfony\\\\Compone...')
#8 /Users/mostofa/Desktop/Upwork/jaysecurity/vendor/composer/ClassLoader.php(571): include('/Users/mostofa/...')
#9 /Users/mostofa/Desktop/Upwork/jaysecurity/vendor/composer/ClassLoader.php(428): Composer\\Autoload\\includeFile('/Users/mostofa/...')
#10 /Users/mostofa/Desktop/Upwork/jaysecurity/vendor/laravel/framework/src/Illuminate/Http/Request.php(20): Composer\\Autoload\\ClassLoader->loadClass('Symfony\\\\Compone...')
#11 /Users/mostofa/Desktop/Upwork/jaysecurity/vendor/composer/ClassLoader.php(571): include('/Users/mostofa/...')
#12 /Users/mostofa/Desktop/Upwork/jaysecurity/vendor/composer/ClassLoader.php(428): Composer\\Autoload\\includeFile('/Users/mostofa/...')
#13 /Users/mostofa/Desktop/Upwork/jaysecurity/vendor/laravel/framework/src/Illuminate/Foundation/Bootstrap/SetRequestForConsole.php(31): Composer\\Autoload\\ClassLoader->loadClass('Illuminate\\\\Http...')
#14 /Users/mostofa/Desktop/Upwork/jaysecurity/vendor/laravel/framework/src/Illuminate/Foundation/Application.php(237): Illuminate\\Foundation\\Bootstrap\\SetRequestForConsole->bootstrap(Object(Illuminate\\Foundation\\Application))
#15 /Users/mostofa/Desktop/Upwork/jaysecurity/vendor/laravel/framework/src/Illuminate/Foundation/Console/Kernel.php(310): Illuminate\\Foundation\\Application->bootstrapWith(Array)
#16 /Users/mostofa/Desktop/Upwork/jaysecurity/vendor/laravel/framework/src/Illuminate/Foundation/Console/Kernel.php(127): Illuminate\\Foundation\\Console\\Kernel->bootstrap()
#17 /Users/mostofa/Desktop/Upwork/jaysecurity/artisan(37): Illuminate\\Foundation\\Console\\Kernel->handle(Object(Symfony\\Component\\Console\\Input\\ArgvInput), Object(Symfony\\Component\\Console\\Output\\ConsoleOutput))
#18 {main} at /Users/mostofa/Desktop/Upwork/jaysecurity/vendor/symfony/http-foundation/ParameterBag.php:21)
[stacktrace]
#0 {main}
"} 
